mode: set
github.com/rustwizard/balda/internal/server/restapi/handlers/auth.go:13.99,22.16 5 1
github.com/rustwizard/balda/internal/server/restapi/handlers/auth.go:22.16,23.15 1 1
github.com/rustwizard/balda/internal/server/restapi/handlers/auth.go:23.15,25.4 1 1
github.com/rustwizard/balda/internal/server/restapi/handlers/auth.go:25.9,27.4 1 0
github.com/rustwizard/balda/internal/server/restapi/handlers/auth.go:28.3,32.9 1 1
github.com/rustwizard/balda/internal/server/restapi/handlers/auth.go:35.2,42.32 3 1
github.com/rustwizard/balda/internal/server/restapi/handlers/auth.go:42.32,44.17 2 0
github.com/rustwizard/balda/internal/server/restapi/handlers/auth.go:44.17,51.4 2 0
github.com/rustwizard/balda/internal/server/restapi/handlers/auth.go:52.3,53.70 2 0
github.com/rustwizard/balda/internal/server/restapi/handlers/auth.go:55.2,55.16 1 1
github.com/rustwizard/balda/internal/server/restapi/handlers/auth.go:55.16,62.3 2 0
github.com/rustwizard/balda/internal/server/restapi/handlers/auth.go:64.2,65.69 2 1
github.com/rustwizard/balda/internal/server/restapi/handlers/hanlders.go:20.81,22.2 1 1
github.com/rustwizard/balda/internal/server/restapi/handlers/hanlders.go:25.136,27.29 2 1
github.com/rustwizard/balda/internal/server/restapi/handlers/hanlders.go:27.29,29.3 1 1
github.com/rustwizard/balda/internal/server/restapi/handlers/hanlders.go:30.2,31.55 2 1
github.com/rustwizard/balda/internal/server/restapi/handlers/hanlders.go:35.144,37.29 2 1
github.com/rustwizard/balda/internal/server/restapi/handlers/hanlders.go:37.29,39.3 1 1
github.com/rustwizard/balda/internal/server/restapi/handlers/hanlders.go:40.2,41.54 2 1
github.com/rustwizard/balda/internal/server/restapi/handlers/signup.go:15.105,19.16 3 1
github.com/rustwizard/balda/internal/server/restapi/handlers/signup.go:19.16,25.3 1 0
github.com/rustwizard/balda/internal/server/restapi/handlers/signup.go:27.2,32.16 4 1
github.com/rustwizard/balda/internal/server/restapi/handlers/signup.go:32.16,34.41 2 1
github.com/rustwizard/balda/internal/server/restapi/handlers/signup.go:34.41,36.4 1 0
github.com/rustwizard/balda/internal/server/restapi/handlers/signup.go:37.3,41.9 1 1
github.com/rustwizard/balda/internal/server/restapi/handlers/signup.go:44.2,46.16 2 1
github.com/rustwizard/balda/internal/server/restapi/handlers/signup.go:46.16,48.41 2 0
github.com/rustwizard/balda/internal/server/restapi/handlers/signup.go:48.41,50.4 1 0
github.com/rustwizard/balda/internal/server/restapi/handlers/signup.go:51.3,55.9 1 0
github.com/rustwizard/balda/internal/server/restapi/handlers/signup.go:58.2,58.38 1 1
github.com/rustwizard/balda/internal/server/restapi/handlers/signup.go:58.38,59.41 1 0
github.com/rustwizard/balda/internal/server/restapi/handlers/signup.go:59.41,61.4 1 0
github.com/rustwizard/balda/internal/server/restapi/handlers/signup.go:62.3,66.9 1 0
github.com/rustwizard/balda/internal/server/restapi/handlers/signup.go:69.2,70.16 2 1
github.com/rustwizard/balda/internal/server/restapi/handlers/signup.go:70.16,77.3 2 0
github.com/rustwizard/balda/internal/server/restapi/handlers/signup.go:79.2,79.79 1 1
github.com/rustwizard/balda/internal/server/restapi/handlers/signup.go:79.79,86.3 2 0
github.com/rustwizard/balda/internal/server/restapi/handlers/signup.go:88.2,96.8 1 1
github.com/rustwizard/balda/internal/server/restapi/handlers/user_state.go:13.136,18.80 4 1
github.com/rustwizard/balda/internal/server/restapi/handlers/user_state.go:18.80,21.3 1 1
github.com/rustwizard/balda/internal/server/restapi/handlers/user_state.go:21.17,28.3 2 1
github.com/rustwizard/balda/internal/server/restapi/handlers/user_state.go:31.2,39.8 2 1
